<?xml version="1.0" encoding="utf-8"?><testsuites name="pytest tests"><testsuite name="pytest" errors="0" failures="0" skipped="0" tests="14" time="0.138" timestamp="2026-09-26T15:42:55.268686+03:00" hostname="29f7e350425e"><testcase classname="tests.test_memory_edit" name="test_model_patch_schema_is_strict_and_passage_bounded" time="0.051" /><testcase classname="tests.test_memory_edit" name="test_replace_is_revision_checked_and_undo_restores_exact_content" time="0.001" /><testcase classname="tests.test_memory_edit" name="test_non_unique_target_is_never_overwritten" time="0.001" /><testcase classname="tests.test_memory_edit" name="test_same_client_request_never_calls_provider_twice" time="0.001" /><testcase classname="tests.test_memory_edit" name="test_remember_intent_appends_when_no_related_entry_exists" time="0.000" /><testcase classname="tests.test_memory_edit" name="test_remember_intent_replaces_one_unique_conflicting_passage" time="0.000" /><testcase classname="tests.test_memory_edit" name="test_remember_intent_rejects_delete_patch" time="0.000" /><testcase classname="tests.test_memory_edit" name="test_smallest_replace_preserves_unrelated_details" time="0.000" /><testcase classname="tests.test_memory_edit" name="test_persistent_daily_budget_is_shared_by_repository_instances" time="0.000" /><testcase classname="tests.test_memory_edit" name="test_over_plan_memory_is_not_truncated_or_charged_by_ai_edit" time="0.000" /><testcase classname="tests.test_memory_edit" name="test_invalid_admin_values_fall_back_to_safe_defaults" time="0.000" /><testcase classname="tests.test_memory_edit" name="test_provider_call_is_schema_bound_no_reasoning_and_output_capped" time="0.000" /><testcase classname="tests.test_memory_edit" name="test_one_in_flight_edit_and_global_budget_are_persistent" time="0.000" /><testcase classname="tests.test_memory_edit" name="test_edit_endpoint_applies_explicit_feedback_without_confirmation" time="0.013" /></testsuite></testsuites>